#-----------------------------------------------------------
# Vivado v2021.1 (64-bit)
# SW Build 3247384 on Thu Jun 10 19:36:33 MDT 2021
# IP Build 3246043 on Fri Jun 11 00:30:35 MDT 2021
# Start of session at: Tue Jun  2 02:58:31 2020
# Process ID: 24692
# Current directory: D:/hls/C++/test/DNN/solution1/impl/ip
# Command line: vivado.exe -notrace -mode batch -source run_ippack.tcl
# Log file: D:/hls/C++/test/DNN/solution1/impl/ip/vivado.log
# Journal file: D:/hls/C++/test/DNN/solution1/impl/ip\vivado.jou
#-----------------------------------------------------------
source run_ippack.tcl -notrace
INFO: [IP_Flow 19-234] Refreshing IP repositories
INFO: [IP_Flow 19-1704] No user IP repositories specified
INFO: [IP_Flow 19-2313] Loaded Vivado IP repository 'D:/Xilinx/Vivado/2021.1/data/ip'.
WARNING: [IP_Flow 19-4832] The IP name 'DNN_fadd_32ns_32ns_32_3_full_dsp_1_ip' you have specified is long. The Windows operating system has path length limitations. It is recommended you use shorter names to reduce the likelihood of issues.
INFO: [IP_Flow 19-1686] Generating 'Synthesis' target for IP 'DNN_fadd_32ns_32ns_32_3_full_dsp_1_ip'...
INFO: [IP_Flow 19-1686] Generating 'Simulation' target for IP 'DNN_fadd_32ns_32ns_32_3_full_dsp_1_ip'...
WARNING: [IP_Flow 19-4832] The IP name 'DNN_fcmp_32ns_32ns_1_2_no_dsp_1_ip' you have specified is long. The Windows operating system has path length limitations. It is recommended you use shorter names to reduce the likelihood of issues.
INFO: [IP_Flow 19-1686] Generating 'Synthesis' target for IP 'DNN_fcmp_32ns_32ns_1_2_no_dsp_1_ip'...
INFO: [IP_Flow 19-1686] Generating 'Simulation' target for IP 'DNN_fcmp_32ns_32ns_1_2_no_dsp_1_ip'...
WARNING: [IP_Flow 19-4832] The IP name 'DNN_fdiv_32ns_32ns_32_7_no_dsp_1_ip' you have specified is long. The Windows operating system has path length limitations. It is recommended you use shorter names to reduce the likelihood of issues.
INFO: [IP_Flow 19-1686] Generating 'Synthesis' target for IP 'DNN_fdiv_32ns_32ns_32_7_no_dsp_1_ip'...
INFO: [IP_Flow 19-1686] Generating 'Simulation' target for IP 'DNN_fdiv_32ns_32ns_32_7_no_dsp_1_ip'...
WARNING: [IP_Flow 19-4832] The IP name 'DNN_fexp_32ns_32ns_32_4_full_dsp_1_ip' you have specified is long. The Windows operating system has path length limitations. It is recommended you use shorter names to reduce the likelihood of issues.
INFO: [IP_Flow 19-1686] Generating 'Synthesis' target for IP 'DNN_fexp_32ns_32ns_32_4_full_dsp_1_ip'...
INFO: [IP_Flow 19-1686] Generating 'Simulation' target for IP 'DNN_fexp_32ns_32ns_32_4_full_dsp_1_ip'...
WARNING: [IP_Flow 19-4832] The IP name 'DNN_fmul_32ns_32ns_32_2_max_dsp_1_ip' you have specified is long. The Windows operating system has path length limitations. It is recommended you use shorter names to reduce the likelihood of issues.
INFO: [IP_Flow 19-1686] Generating 'Synthesis' target for IP 'DNN_fmul_32ns_32ns_32_2_max_dsp_1_ip'...
INFO: [IP_Flow 19-1686] Generating 'Simulation' target for IP 'DNN_fmul_32ns_32ns_32_2_max_dsp_1_ip'...
INFO: [IP_Flow 19-234] Refreshing IP repositories
INFO: [IP_Flow 19-1704] No user IP repositories specified
INFO: [IP_Flow 19-2313] Loaded Vivado IP repository 'D:/Xilinx/Vivado/2021.1/data/ip'.
ipx::update_checksums: Time (s): cpu = 00:00:00 ; elapsed = 00:00:08 . Memory (MB): peak = 1329.762 ; gain = 0.000
INFO: [Common 17-206] Exiting Vivado at Tue Jun  2 02:59:16 2020...
