#-----------------------------------------------------------
# xsim v2021.1 (64-bit)
# SW Build 3247384 on Thu Jun 10 19:36:33 MDT 2021
# IP Build 3246043 on Fri Jun 11 00:30:35 MDT 2021
# Start of session at: Fri Jun  2 16:40:59 2023
# Process ID: 24448
# Current directory: D:/hls/C++/test/DNN/solution1/sim/verilog
# Command line: xsim.exe -mode tcl -source {xsim.dir/DNN/xsim_script.tcl}
# Log file: D:/hls/C++/test/DNN/solution1/sim/verilog/xsim.log
# Journal file: D:/hls/C++/test/DNN/solution1/sim/verilog\xsim.jou
#-----------------------------------------------------------
source xsim.dir/DNN/xsim_script.tcl
# xsim {DNN} -autoloadwcfg -tclbatch {DNN.tcl}
Time resolution is 1 ps
source DNN.tcl
## run all
////////////////////////////////////////////////////////////////////////////////////
// Inter-Transaction Progress: Completed Transaction / Total Transaction
// Intra-Transaction Progress: Measured Latency / Latency Estimation * 100%
//
// RTL Simulation : "Inter-Transaction Progress" ["Intra-Transaction Progress"] @ "Simulation Time"
////////////////////////////////////////////////////////////////////////////////////
// RTL Simulation : 0 / 2 [0.00%] @ "165000"
Warning: OPMODE Input Warning : The OPMODE 0110X0X with CARRYINSEL  000 to DSP48E1 instance is invalid.
Time: 9285 ns  Iteration: 12  Process: /apatb_DNN_top/AESL_inst_DNN/fadd_32ns_32ns_32_3_full_dsp_1_U272/DNN_fadd_32ns_32ns_32_3_full_dsp_1_ip_u/inst/i_synth/addsub_op/ADDSUB/dsp/OP/dsp48e1_body/ALIGN_ADD/DSP2/i_no_versal_es1_workaround/DSP/prcs_opmode_drc  File: D:/Xilinx/Vivado/2021.1/data/vhdl/src/unisims/primitive/DSP48E1.vhd
Warning: OPMODE Input Warning : The OPMODE 0110X0X with CARRYINSEL  000 to DSP48E1 instance is invalid.
Time: 9285 ns  Iteration: 12  Process: /apatb_DNN_top/AESL_inst_DNN/fadd_32ns_32ns_32_3_full_dsp_1_U273/DNN_fadd_32ns_32ns_32_3_full_dsp_1_ip_u/inst/i_synth/addsub_op/ADDSUB/dsp/OP/dsp48e1_body/ALIGN_ADD/DSP2/i_no_versal_es1_workaround/DSP/prcs_opmode_drc  File: D:/Xilinx/Vivado/2021.1/data/vhdl/src/unisims/primitive/DSP48E1.vhd
Warning: OPMODE Input Warning : The OPMODE 0110X0X with CARRYINSEL  000 to DSP48E1 instance is invalid.
Time: 9285 ns  Iteration: 12  Process: /apatb_DNN_top/AESL_inst_DNN/fadd_32ns_32ns_32_3_full_dsp_1_U274/DNN_fadd_32ns_32ns_32_3_full_dsp_1_ip_u/inst/i_synth/addsub_op/ADDSUB/dsp/OP/dsp48e1_body/ALIGN_ADD/DSP2/i_no_versal_es1_workaround/DSP/prcs_opmode_drc  File: D:/Xilinx/Vivado/2021.1/data/vhdl/src/unisims/primitive/DSP48E1.vhd
Warning: OPMODE Input Warning : The OPMODE 0110X0X with CARRYINSEL  000 to DSP48E1 instance is invalid.
Time: 9285 ns  Iteration: 12  Process: /apatb_DNN_top/AESL_inst_DNN/fadd_32ns_32ns_32_3_full_dsp_1_U275/DNN_fadd_32ns_32ns_32_3_full_dsp_1_ip_u/inst/i_synth/addsub_op/ADDSUB/dsp/OP/dsp48e1_body/ALIGN_ADD/DSP2/i_no_versal_es1_workaround/DSP/prcs_opmode_drc  File: D:/Xilinx/Vivado/2021.1/data/vhdl/src/unisims/primitive/DSP48E1.vhd
Warning: OPMODE Input Warning : The OPMODE 0110X0X with CARRYINSEL  000 to DSP48E1 instance is invalid.
Time: 9285 ns  Iteration: 12  Process: /apatb_DNN_top/AESL_inst_DNN/fadd_32ns_32ns_32_3_full_dsp_1_U276/DNN_fadd_32ns_32ns_32_3_full_dsp_1_ip_u/inst/i_synth/addsub_op/ADDSUB/dsp/OP/dsp48e1_body/ALIGN_ADD/DSP2/i_no_versal_es1_workaround/DSP/prcs_opmode_drc  File: D:/Xilinx/Vivado/2021.1/data/vhdl/src/unisims/primitive/DSP48E1.vhd
Warning: OPMODE Input Warning : The OPMODE 0110X0X with CARRYINSEL  000 to DSP48E1 instance is invalid.
Time: 9285 ns  Iteration: 12  Process: /apatb_DNN_top/AESL_inst_DNN/fadd_32ns_32ns_32_3_full_dsp_1_U277/DNN_fadd_32ns_32ns_32_3_full_dsp_1_ip_u/inst/i_synth/addsub_op/ADDSUB/dsp/OP/dsp48e1_body/ALIGN_ADD/DSP2/i_no_versal_es1_workaround/DSP/prcs_opmode_drc  File: D:/Xilinx/Vivado/2021.1/data/vhdl/src/unisims/primitive/DSP48E1.vhd
Warning: OPMODE Input Warning : The OPMODE 0110X0X with CARRYINSEL  000 to DSP48E1 instance is invalid.
Time: 9285 ns  Iteration: 12  Process: /apatb_DNN_top/AESL_inst_DNN/fadd_32ns_32ns_32_3_full_dsp_1_U278/DNN_fadd_32ns_32ns_32_3_full_dsp_1_ip_u/inst/i_synth/addsub_op/ADDSUB/dsp/OP/dsp48e1_body/ALIGN_ADD/DSP2/i_no_versal_es1_workaround/DSP/prcs_opmode_drc  File: D:/Xilinx/Vivado/2021.1/data/vhdl/src/unisims/primitive/DSP48E1.vhd
Warning: OPMODE Input Warning : The OPMODE 0110X0X with CARRYINSEL  000 to DSP48E1 instance is invalid.
Time: 9285 ns  Iteration: 12  Process: /apatb_DNN_top/AESL_inst_DNN/fadd_32ns_32ns_32_3_full_dsp_1_U279/DNN_fadd_32ns_32ns_32_3_full_dsp_1_ip_u/inst/i_synth/addsub_op/ADDSUB/dsp/OP/dsp48e1_body/ALIGN_ADD/DSP2/i_no_versal_es1_workaround/DSP/prcs_opmode_drc  File: D:/Xilinx/Vivado/2021.1/data/vhdl/src/unisims/primitive/DSP48E1.vhd
Warning: OPMODE Input Warning : The OPMODE 0110X0X with CARRYINSEL  000 to DSP48E1 instance is invalid.
Time: 9285 ns  Iteration: 12  Process: /apatb_DNN_top/AESL_inst_DNN/fadd_32ns_32ns_32_3_full_dsp_1_U280/DNN_fadd_32ns_32ns_32_3_full_dsp_1_ip_u/inst/i_synth/addsub_op/ADDSUB/dsp/OP/dsp48e1_body/ALIGN_ADD/DSP2/i_no_versal_es1_workaround/DSP/prcs_opmode_drc  File: D:/Xilinx/Vivado/2021.1/data/vhdl/src/unisims/primitive/DSP48E1.vhd
Warning: OPMODE Input Warning : The OPMODE 0110X0X with CARRYINSEL  000 to DSP48E1 instance is invalid.
Time: 12885 ns  Iteration: 11  Process: /apatb_DNN_top/AESL_inst_DNN/fadd_32ns_32ns_32_3_full_dsp_1_U273/DNN_fadd_32ns_32ns_32_3_full_dsp_1_ip_u/inst/i_synth/addsub_op/ADDSUB/dsp/OP/dsp48e1_body/ALIGN_ADD/DSP2/i_no_versal_es1_workaround/DSP/prcs_opmode_drc  File: D:/Xilinx/Vivado/2021.1/data/vhdl/src/unisims/primitive/DSP48E1.vhd
Warning: OPMODE Input Warning : The OPMODE 0110X0X with CARRYINSEL  000 to DSP48E1 instance is invalid.
Time: 12885 ns  Iteration: 11  Process: /apatb_DNN_top/AESL_inst_DNN/fadd_32ns_32ns_32_3_full_dsp_1_U274/DNN_fadd_32ns_32ns_32_3_full_dsp_1_ip_u/inst/i_synth/addsub_op/ADDSUB/dsp/OP/dsp48e1_body/ALIGN_ADD/DSP2/i_no_versal_es1_workaround/DSP/prcs_opmode_drc  File: D:/Xilinx/Vivado/2021.1/data/vhdl/src/unisims/primitive/DSP48E1.vhd
Warning: OPMODE Input Warning : The OPMODE 0110X0X with CARRYINSEL  000 to DSP48E1 instance is invalid.
Time: 12885 ns  Iteration: 11  Process: /apatb_DNN_top/AESL_inst_DNN/fadd_32ns_32ns_32_3_full_dsp_1_U275/DNN_fadd_32ns_32ns_32_3_full_dsp_1_ip_u/inst/i_synth/addsub_op/ADDSUB/dsp/OP/dsp48e1_body/ALIGN_ADD/DSP2/i_no_versal_es1_workaround/DSP/prcs_opmode_drc  File: D:/Xilinx/Vivado/2021.1/data/vhdl/src/unisims/primitive/DSP48E1.vhd
Warning: OPMODE Input Warning : The OPMODE 0110X0X with CARRYINSEL  000 to DSP48E1 instance is invalid.
Time: 12885 ns  Iteration: 11  Process: /apatb_DNN_top/AESL_inst_DNN/fadd_32ns_32ns_32_3_full_dsp_1_U276/DNN_fadd_32ns_32ns_32_3_full_dsp_1_ip_u/inst/i_synth/addsub_op/ADDSUB/dsp/OP/dsp48e1_body/ALIGN_ADD/DSP2/i_no_versal_es1_workaround/DSP/prcs_opmode_drc  File: D:/Xilinx/Vivado/2021.1/data/vhdl/src/unisims/primitive/DSP48E1.vhd
Warning: OPMODE Input Warning : The OPMODE 0110X0X with CARRYINSEL  000 to DSP48E1 instance is invalid.
Time: 12885 ns  Iteration: 11  Process: /apatb_DNN_top/AESL_inst_DNN/fadd_32ns_32ns_32_3_full_dsp_1_U277/DNN_fadd_32ns_32ns_32_3_full_dsp_1_ip_u/inst/i_synth/addsub_op/ADDSUB/dsp/OP/dsp48e1_body/ALIGN_ADD/DSP2/i_no_versal_es1_workaround/DSP/prcs_opmode_drc  File: D:/Xilinx/Vivado/2021.1/data/vhdl/src/unisims/primitive/DSP48E1.vhd
Warning: OPMODE Input Warning : The OPMODE 0110X0X with CARRYINSEL  000 to DSP48E1 instance is invalid.
Time: 12885 ns  Iteration: 11  Process: /apatb_DNN_top/AESL_inst_DNN/fadd_32ns_32ns_32_3_full_dsp_1_U278/DNN_fadd_32ns_32ns_32_3_full_dsp_1_ip_u/inst/i_synth/addsub_op/ADDSUB/dsp/OP/dsp48e1_body/ALIGN_ADD/DSP2/i_no_versal_es1_workaround/DSP/prcs_opmode_drc  File: D:/Xilinx/Vivado/2021.1/data/vhdl/src/unisims/primitive/DSP48E1.vhd
Warning: OPMODE Input Warning : The OPMODE 0110X0X with CARRYINSEL  000 to DSP48E1 instance is invalid.
Time: 12885 ns  Iteration: 11  Process: /apatb_DNN_top/AESL_inst_DNN/fadd_32ns_32ns_32_3_full_dsp_1_U279/DNN_fadd_32ns_32ns_32_3_full_dsp_1_ip_u/inst/i_synth/addsub_op/ADDSUB/dsp/OP/dsp48e1_body/ALIGN_ADD/DSP2/i_no_versal_es1_workaround/DSP/prcs_opmode_drc  File: D:/Xilinx/Vivado/2021.1/data/vhdl/src/unisims/primitive/DSP48E1.vhd
Warning: OPMODE Input Warning : The OPMODE 0110X0X with CARRYINSEL  000 to DSP48E1 instance is invalid.
Time: 12885 ns  Iteration: 11  Process: /apatb_DNN_top/AESL_inst_DNN/fadd_32ns_32ns_32_3_full_dsp_1_U280/DNN_fadd_32ns_32ns_32_3_full_dsp_1_ip_u/inst/i_synth/addsub_op/ADDSUB/dsp/OP/dsp48e1_body/ALIGN_ADD/DSP2/i_no_versal_es1_workaround/DSP/prcs_opmode_drc  File: D:/Xilinx/Vivado/2021.1/data/vhdl/src/unisims/primitive/DSP48E1.vhd
Warning: OPMODE Input Warning : The OPMODE 0110X0X with CARRYINSEL  000 to DSP48E1 instance is invalid.
Time: 12885 ns  Iteration: 12  Process: /apatb_DNN_top/AESL_inst_DNN/fadd_32ns_32ns_32_3_full_dsp_1_U272/DNN_fadd_32ns_32ns_32_3_full_dsp_1_ip_u/inst/i_synth/addsub_op/ADDSUB/dsp/OP/dsp48e1_body/ALIGN_ADD/DSP2/i_no_versal_es1_workaround/DSP/prcs_opmode_drc  File: D:/Xilinx/Vivado/2021.1/data/vhdl/src/unisims/primitive/DSP48E1.vhd
Warning: OPMODE Input Warning : The OPMODE 0110X0X with CARRYINSEL  000 to DSP48E1 instance is invalid.
Time: 16455 ns  Iteration: 11  Process: /apatb_DNN_top/AESL_inst_DNN/fadd_32ns_32ns_32_3_full_dsp_1_U273/DNN_fadd_32ns_32ns_32_3_full_dsp_1_ip_u/inst/i_synth/addsub_op/ADDSUB/dsp/OP/dsp48e1_body/ALIGN_ADD/DSP2/i_no_versal_es1_workaround/DSP/prcs_opmode_drc  File: D:/Xilinx/Vivado/2021.1/data/vhdl/src/unisims/primitive/DSP48E1.vhd
Warning: OPMODE Input Warning : The OPMODE 0110X0X with CARRYINSEL  000 to DSP48E1 instance is invalid.
Time: 16455 ns  Iteration: 11  Process: /apatb_DNN_top/AESL_inst_DNN/fadd_32ns_32ns_32_3_full_dsp_1_U274/DNN_fadd_32ns_32ns_32_3_full_dsp_1_ip_u/inst/i_synth/addsub_op/ADDSUB/dsp/OP/dsp48e1_body/ALIGN_ADD/DSP2/i_no_versal_es1_workaround/DSP/prcs_opmode_drc  File: D:/Xilinx/Vivado/2021.1/data/vhdl/src/unisims/primitive/DSP48E1.vhd
Warning: OPMODE Input Warning : The OPMODE 0110X0X with CARRYINSEL  000 to DSP48E1 instance is invalid.
Time: 16455 ns  Iteration: 11  Process: /apatb_DNN_top/AESL_inst_DNN/fadd_32ns_32ns_32_3_full_dsp_1_U275/DNN_fadd_32ns_32ns_32_3_full_dsp_1_ip_u/inst/i_synth/addsub_op/ADDSUB/dsp/OP/dsp48e1_body/ALIGN_ADD/DSP2/i_no_versal_es1_workaround/DSP/prcs_opmode_drc  File: D:/Xilinx/Vivado/2021.1/data/vhdl/src/unisims/primitive/DSP48E1.vhd
Warning: OPMODE Input Warning : The OPMODE 0110X0X with CARRYINSEL  000 to DSP48E1 instance is invalid.
Time: 16455 ns  Iteration: 11  Process: /apatb_DNN_top/AESL_inst_DNN/fadd_32ns_32ns_32_3_full_dsp_1_U276/DNN_fadd_32ns_32ns_32_3_full_dsp_1_ip_u/inst/i_synth/addsub_op/ADDSUB/dsp/OP/dsp48e1_body/ALIGN_ADD/DSP2/i_no_versal_es1_workaround/DSP/prcs_opmode_drc  File: D:/Xilinx/Vivado/2021.1/data/vhdl/src/unisims/primitive/DSP48E1.vhd
Warning: OPMODE Input Warning : The OPMODE 0110X0X with CARRYINSEL  000 to DSP48E1 instance is invalid.
Time: 16455 ns  Iteration: 11  Process: /apatb_DNN_top/AESL_inst_DNN/fadd_32ns_32ns_32_3_full_dsp_1_U277/DNN_fadd_32ns_32ns_32_3_full_dsp_1_ip_u/inst/i_synth/addsub_op/ADDSUB/dsp/OP/dsp48e1_body/ALIGN_ADD/DSP2/i_no_versal_es1_workaround/DSP/prcs_opmode_drc  File: D:/Xilinx/Vivado/2021.1/data/vhdl/src/unisims/primitive/DSP48E1.vhd
Warning: OPMODE Input Warning : The OPMODE 0110X0X with CARRYINSEL  000 to DSP48E1 instance is invalid.
Time: 16455 ns  Iteration: 11  Process: /apatb_DNN_top/AESL_inst_DNN/fadd_32ns_32ns_32_3_full_dsp_1_U278/DNN_fadd_32ns_32ns_32_3_full_dsp_1_ip_u/inst/i_synth/addsub_op/ADDSUB/dsp/OP/dsp48e1_body/ALIGN_ADD/DSP2/i_no_versal_es1_workaround/DSP/prcs_opmode_drc  File: D:/Xilinx/Vivado/2021.1/data/vhdl/src/unisims/primitive/DSP48E1.vhd
Warning: OPMODE Input Warning : The OPMODE 0110X0X with CARRYINSEL  000 to DSP48E1 instance is invalid.
Time: 16455 ns  Iteration: 11  Process: /apatb_DNN_top/AESL_inst_DNN/fadd_32ns_32ns_32_3_full_dsp_1_U279/DNN_fadd_32ns_32ns_32_3_full_dsp_1_ip_u/inst/i_synth/addsub_op/ADDSUB/dsp/OP/dsp48e1_body/ALIGN_ADD/DSP2/i_no_versal_es1_workaround/DSP/prcs_opmode_drc  File: D:/Xilinx/Vivado/2021.1/data/vhdl/src/unisims/primitive/DSP48E1.vhd
Warning: OPMODE Input Warning : The OPMODE 0110X0X with CARRYINSEL  000 to DSP48E1 instance is invalid.
Time: 16455 ns  Iteration: 11  Process: /apatb_DNN_top/AESL_inst_DNN/fadd_32ns_32ns_32_3_full_dsp_1_U280/DNN_fadd_32ns_32ns_32_3_full_dsp_1_ip_u/inst/i_synth/addsub_op/ADDSUB/dsp/OP/dsp48e1_body/ALIGN_ADD/DSP2/i_no_versal_es1_workaround/DSP/prcs_opmode_drc  File: D:/Xilinx/Vivado/2021.1/data/vhdl/src/unisims/primitive/DSP48E1.vhd
Warning: OPMODE Input Warning : The OPMODE 0110X0X with CARRYINSEL  000 to DSP48E1 instance is invalid.
Time: 16455 ns  Iteration: 11  Process: /apatb_DNN_top/AESL_inst_DNN/fadd_32ns_32ns_32_3_full_dsp_1_U293/DNN_fadd_32ns_32ns_32_3_full_dsp_1_ip_u/inst/i_synth/addsub_op/ADDSUB/dsp/OP/dsp48e1_body/ALIGN_ADD/DSP2/i_no_versal_es1_workaround/DSP/prcs_opmode_drc  File: D:/Xilinx/Vivado/2021.1/data/vhdl/src/unisims/primitive/DSP48E1.vhd
Warning: OPMODE Input Warning : The OPMODE 0110X0X with CARRYINSEL  000 to DSP48E1 instance is invalid.
Time: 16455 ns  Iteration: 11  Process: /apatb_DNN_top/AESL_inst_DNN/fadd_32ns_32ns_32_3_full_dsp_1_U294/DNN_fadd_32ns_32ns_32_3_full_dsp_1_ip_u/inst/i_synth/addsub_op/ADDSUB/dsp/OP/dsp48e1_body/ALIGN_ADD/DSP2/i_no_versal_es1_workaround/DSP/prcs_opmode_drc  File: D:/Xilinx/Vivado/2021.1/data/vhdl/src/unisims/primitive/DSP48E1.vhd
Warning: OPMODE Input Warning : The OPMODE 0110X0X with CARRYINSEL  000 to DSP48E1 instance is invalid.
Time: 16455 ns  Iteration: 11  Process: /apatb_DNN_top/AESL_inst_DNN/fadd_32ns_32ns_32_3_full_dsp_1_U295/DNN_fadd_32ns_32ns_32_3_full_dsp_1_ip_u/inst/i_synth/addsub_op/ADDSUB/dsp/OP/dsp48e1_body/ALIGN_ADD/DSP2/i_no_versal_es1_workaround/DSP/prcs_opmode_drc  File: D:/Xilinx/Vivado/2021.1/data/vhdl/src/unisims/primitive/DSP48E1.vhd
Warning: OPMODE Input Warning : The OPMODE 0110X0X with CARRYINSEL  000 to DSP48E1 instance is invalid.
Time: 16455 ns  Iteration: 11  Process: /apatb_DNN_top/AESL_inst_DNN/fadd_32ns_32ns_32_3_full_dsp_1_U296/DNN_fadd_32ns_32ns_32_3_full_dsp_1_ip_u/inst/i_synth/addsub_op/ADDSUB/dsp/OP/dsp48e1_body/ALIGN_ADD/DSP2/i_no_versal_es1_workaround/DSP/prcs_opmode_drc  File: D:/Xilinx/Vivado/2021.1/data/vhdl/src/unisims/primitive/DSP48E1.vhd
Warning: OPMODE Input Warning : The OPMODE 0110X0X with CARRYINSEL  000 to DSP48E1 instance is invalid.
Time: 16455 ns  Iteration: 11  Process: /apatb_DNN_top/AESL_inst_DNN/fadd_32ns_32ns_32_3_full_dsp_1_U297/DNN_fadd_32ns_32ns_32_3_full_dsp_1_ip_u/inst/i_synth/addsub_op/ADDSUB/dsp/OP/dsp48e1_body/ALIGN_ADD/DSP2/i_no_versal_es1_workaround/DSP/prcs_opmode_drc  File: D:/Xilinx/Vivado/2021.1/data/vhdl/src/unisims/primitive/DSP48E1.vhd
Warning: OPMODE Input Warning : The OPMODE 0110X0X with CARRYINSEL  000 to DSP48E1 instance is invalid.
Time: 16455 ns  Iteration: 11  Process: /apatb_DNN_top/AESL_inst_DNN/fadd_32ns_32ns_32_3_full_dsp_1_U298/DNN_fadd_32ns_32ns_32_3_full_dsp_1_ip_u/inst/i_synth/addsub_op/ADDSUB/dsp/OP/dsp48e1_body/ALIGN_ADD/DSP2/i_no_versal_es1_workaround/DSP/prcs_opmode_drc  File: D:/Xilinx/Vivado/2021.1/data/vhdl/src/unisims/primitive/DSP48E1.vhd
Warning: OPMODE Input Warning : The OPMODE 0110X0X with CARRYINSEL  000 to DSP48E1 instance is invalid.
Time: 16455 ns  Iteration: 11  Process: /apatb_DNN_top/AESL_inst_DNN/fadd_32ns_32ns_32_3_full_dsp_1_U299/DNN_fadd_32ns_32ns_32_3_full_dsp_1_ip_u/inst/i_synth/addsub_op/ADDSUB/dsp/OP/dsp48e1_body/ALIGN_ADD/DSP2/i_no_versal_es1_workaround/DSP/prcs_opmode_drc  File: D:/Xilinx/Vivado/2021.1/data/vhdl/src/unisims/primitive/DSP48E1.vhd
Warning: OPMODE Input Warning : The OPMODE 0110X0X with CARRYINSEL  000 to DSP48E1 instance is invalid.
Time: 16455 ns  Iteration: 12  Process: /apatb_DNN_top/AESL_inst_DNN/fadd_32ns_32ns_32_3_full_dsp_1_U272/DNN_fadd_32ns_32ns_32_3_full_dsp_1_ip_u/inst/i_synth/addsub_op/ADDSUB/dsp/OP/dsp48e1_body/ALIGN_ADD/DSP2/i_no_versal_es1_workaround/DSP/prcs_opmode_drc  File: D:/Xilinx/Vivado/2021.1/data/vhdl/src/unisims/primitive/DSP48E1.vhd
Warning: OPMODE Input Warning : The OPMODE 0110X0X with CARRYINSEL  000 to DSP48E1 instance is invalid.
Time: 18645 ns  Iteration: 11  Process: /apatb_DNN_top/AESL_inst_DNN/fadd_32ns_32ns_32_3_full_dsp_1_U274/DNN_fadd_32ns_32ns_32_3_full_dsp_1_ip_u/inst/i_synth/addsub_op/ADDSUB/dsp/OP/dsp48e1_body/ALIGN_ADD/DSP2/i_no_versal_es1_workaround/DSP/prcs_opmode_drc  File: D:/Xilinx/Vivado/2021.1/data/vhdl/src/unisims/primitive/DSP48E1.vhd
Warning: OPMODE Input Warning : The OPMODE 0110X0X with CARRYINSEL  000 to DSP48E1 instance is invalid.
Time: 18645 ns  Iteration: 11  Process: /apatb_DNN_top/AESL_inst_DNN/fadd_32ns_32ns_32_3_full_dsp_1_U275/DNN_fadd_32ns_32ns_32_3_full_dsp_1_ip_u/inst/i_synth/addsub_op/ADDSUB/dsp/OP/dsp48e1_body/ALIGN_ADD/DSP2/i_no_versal_es1_workaround/DSP/prcs_opmode_drc  File: D:/Xilinx/Vivado/2021.1/data/vhdl/src/unisims/primitive/DSP48E1.vhd
Warning: OPMODE Input Warning : The OPMODE 0110X0X with CARRYINSEL  000 to DSP48E1 instance is invalid.
Time: 18645 ns  Iteration: 11  Process: /apatb_DNN_top/AESL_inst_DNN/fadd_32ns_32ns_32_3_full_dsp_1_U276/DNN_fadd_32ns_32ns_32_3_full_dsp_1_ip_u/inst/i_synth/addsub_op/ADDSUB/dsp/OP/dsp48e1_body/ALIGN_ADD/DSP2/i_no_versal_es1_workaround/DSP/prcs_opmode_drc  File: D:/Xilinx/Vivado/2021.1/data/vhdl/src/unisims/primitive/DSP48E1.vhd
Warning: OPMODE Input Warning : The OPMODE 0110X0X with CARRYINSEL  000 to DSP48E1 instance is invalid.
Time: 18645 ns  Iteration: 11  Process: /apatb_DNN_top/AESL_inst_DNN/fadd_32ns_32ns_32_3_full_dsp_1_U277/DNN_fadd_32ns_32ns_32_3_full_dsp_1_ip_u/inst/i_synth/addsub_op/ADDSUB/dsp/OP/dsp48e1_body/ALIGN_ADD/DSP2/i_no_versal_es1_workaround/DSP/prcs_opmode_drc  File: D:/Xilinx/Vivado/2021.1/data/vhdl/src/unisims/primitive/DSP48E1.vhd
Warning: OPMODE Input Warning : The OPMODE 0110X0X with CARRYINSEL  000 to DSP48E1 instance is invalid.
Time: 18645 ns  Iteration: 11  Process: /apatb_DNN_top/AESL_inst_DNN/fadd_32ns_32ns_32_3_full_dsp_1_U278/DNN_fadd_32ns_32ns_32_3_full_dsp_1_ip_u/inst/i_synth/addsub_op/ADDSUB/dsp/OP/dsp48e1_body/ALIGN_ADD/DSP2/i_no_versal_es1_workaround/DSP/prcs_opmode_drc  File: D:/Xilinx/Vivado/2021.1/data/vhdl/src/unisims/primitive/DSP48E1.vhd
Warning: OPMODE Input Warning : The OPMODE 0110X0X with CARRYINSEL  000 to DSP48E1 instance is invalid.
Time: 18645 ns  Iteration: 11  Process: /apatb_DNN_top/AESL_inst_DNN/fadd_32ns_32ns_32_3_full_dsp_1_U279/DNN_fadd_32ns_32ns_32_3_full_dsp_1_ip_u/inst/i_synth/addsub_op/ADDSUB/dsp/OP/dsp48e1_body/ALIGN_ADD/DSP2/i_no_versal_es1_workaround/DSP/prcs_opmode_drc  File: D:/Xilinx/Vivado/2021.1/data/vhdl/src/unisims/primitive/DSP48E1.vhd
Warning: OPMODE Input Warning : The OPMODE 0110X0X with CARRYINSEL  000 to DSP48E1 instance is invalid.
Time: 18645 ns  Iteration: 11  Process: /apatb_DNN_top/AESL_inst_DNN/fadd_32ns_32ns_32_3_full_dsp_1_U280/DNN_fadd_32ns_32ns_32_3_full_dsp_1_ip_u/inst/i_synth/addsub_op/ADDSUB/dsp/OP/dsp48e1_body/ALIGN_ADD/DSP2/i_no_versal_es1_workaround/DSP/prcs_opmode_drc  File: D:/Xilinx/Vivado/2021.1/data/vhdl/src/unisims/primitive/DSP48E1.vhd
Warning: OPMODE Input Warning : The OPMODE 0110X0X with CARRYINSEL  000 to DSP48E1 instance is invalid.
Time: 18645 ns  Iteration: 11  Process: /apatb_DNN_top/AESL_inst_DNN/fadd_32ns_32ns_32_3_full_dsp_1_U294/DNN_fadd_32ns_32ns_32_3_full_dsp_1_ip_u/inst/i_synth/addsub_op/ADDSUB/dsp/OP/dsp48e1_body/ALIGN_ADD/DSP2/i_no_versal_es1_workaround/DSP/prcs_opmode_drc  File: D:/Xilinx/Vivado/2021.1/data/vhdl/src/unisims/primitive/DSP48E1.vhd
Warning: OPMODE Input Warning : The OPMODE 0110X0X with CARRYINSEL  000 to DSP48E1 instance is invalid.
Time: 18645 ns  Iteration: 11  Process: /apatb_DNN_top/AESL_inst_DNN/fadd_32ns_32ns_32_3_full_dsp_1_U296/DNN_fadd_32ns_32ns_32_3_full_dsp_1_ip_u/inst/i_synth/addsub_op/ADDSUB/dsp/OP/dsp48e1_body/ALIGN_ADD/DSP2/i_no_versal_es1_workaround/DSP/prcs_opmode_drc  File: D:/Xilinx/Vivado/2021.1/data/vhdl/src/unisims/primitive/DSP48E1.vhd
Warning: OPMODE Input Warning : The OPMODE 0110X0X with CARRYINSEL  000 to DSP48E1 instance is invalid.
Time: 18645 ns  Iteration: 11  Process: /apatb_DNN_top/AESL_inst_DNN/fadd_32ns_32ns_32_3_full_dsp_1_U299/DNN_fadd_32ns_32ns_32_3_full_dsp_1_ip_u/inst/i_synth/addsub_op/ADDSUB/dsp/OP/dsp48e1_body/ALIGN_ADD/DSP2/i_no_versal_es1_workaround/DSP/prcs_opmode_drc  File: D:/Xilinx/Vivado/2021.1/data/vhdl/src/unisims/primitive/DSP48E1.vhd
Warning: OPMODE Input Warning : The OPMODE 0110X0X with CARRYINSEL  000 to DSP48E1 instance is invalid.
Time: 18645 ns  Iteration: 12  Process: /apatb_DNN_top/AESL_inst_DNN/fadd_32ns_32ns_32_3_full_dsp_1_U272/DNN_fadd_32ns_32ns_32_3_full_dsp_1_ip_u/inst/i_synth/addsub_op/ADDSUB/dsp/OP/dsp48e1_body/ALIGN_ADD/DSP2/i_no_versal_es1_workaround/DSP/prcs_opmode_drc  File: D:/Xilinx/Vivado/2021.1/data/vhdl/src/unisims/primitive/DSP48E1.vhd
Warning: OPMODE Input Warning : The OPMODE 0110X0X with CARRYINSEL  000 to DSP48E1 instance is invalid.
Time: 18645 ns  Iteration: 12  Process: /apatb_DNN_top/AESL_inst_DNN/fadd_32ns_32ns_32_3_full_dsp_1_U273/DNN_fadd_32ns_32ns_32_3_full_dsp_1_ip_u/inst/i_synth/addsub_op/ADDSUB/dsp/OP/dsp48e1_body/ALIGN_ADD/DSP2/i_no_versal_es1_workaround/DSP/prcs_opmode_drc  File: D:/Xilinx/Vivado/2021.1/data/vhdl/src/unisims/primitive/DSP48E1.vhd
Warning: OPMODE Input Warning : The OPMODE 0110X0X with CARRYINSEL  000 to DSP48E1 instance is invalid.
Time: 18645 ns  Iteration: 12  Process: /apatb_DNN_top/AESL_inst_DNN/fadd_32ns_32ns_32_3_full_dsp_1_U293/DNN_fadd_32ns_32ns_32_3_full_dsp_1_ip_u/inst/i_synth/addsub_op/ADDSUB/dsp/OP/dsp48e1_body/ALIGN_ADD/DSP2/i_no_versal_es1_workaround/DSP/prcs_opmode_drc  File: D:/Xilinx/Vivado/2021.1/data/vhdl/src/unisims/primitive/DSP48E1.vhd
Warning: OPMODE Input Warning : The OPMODE 0110X0X with CARRYINSEL  000 to DSP48E1 instance is invalid.
Time: 18645 ns  Iteration: 12  Process: /apatb_DNN_top/AESL_inst_DNN/fadd_32ns_32ns_32_3_full_dsp_1_U295/DNN_fadd_32ns_32ns_32_3_full_dsp_1_ip_u/inst/i_synth/addsub_op/ADDSUB/dsp/OP/dsp48e1_body/ALIGN_ADD/DSP2/i_no_versal_es1_workaround/DSP/prcs_opmode_drc  File: D:/Xilinx/Vivado/2021.1/data/vhdl/src/unisims/primitive/DSP48E1.vhd
Warning: OPMODE Input Warning : The OPMODE 0110X0X with CARRYINSEL  000 to DSP48E1 instance is invalid.
Time: 18645 ns  Iteration: 12  Process: /apatb_DNN_top/AESL_inst_DNN/fadd_32ns_32ns_32_3_full_dsp_1_U297/DNN_fadd_32ns_32ns_32_3_full_dsp_1_ip_u/inst/i_synth/addsub_op/ADDSUB/dsp/OP/dsp48e1_body/ALIGN_ADD/DSP2/i_no_versal_es1_workaround/DSP/prcs_opmode_drc  File: D:/Xilinx/Vivado/2021.1/data/vhdl/src/unisims/primitive/DSP48E1.vhd
Warning: OPMODE Input Warning : The OPMODE 0110X0X with CARRYINSEL  000 to DSP48E1 instance is invalid.
Time: 18645 ns  Iteration: 12  Process: /apatb_DNN_top/AESL_inst_DNN/fadd_32ns_32ns_32_3_full_dsp_1_U298/DNN_fadd_32ns_32ns_32_3_full_dsp_1_ip_u/inst/i_synth/addsub_op/ADDSUB/dsp/OP/dsp48e1_body/ALIGN_ADD/DSP2/i_no_versal_es1_workaround/DSP/prcs_opmode_drc  File: D:/Xilinx/Vivado/2021.1/data/vhdl/src/unisims/primitive/DSP48E1.vhd
Warning: OPMODE Input Warning : The OPMODE 0110X0X with CARRYINSEL  000 to DSP48E1 instance is invalid.
Time: 20445 ns  Iteration: 11  Process: /apatb_DNN_top/AESL_inst_DNN/fadd_32ns_32ns_32_3_full_dsp_1_U274/DNN_fadd_32ns_32ns_32_3_full_dsp_1_ip_u/inst/i_synth/addsub_op/ADDSUB/dsp/OP/dsp48e1_body/ALIGN_ADD/DSP2/i_no_versal_es1_workaround/DSP/prcs_opmode_drc  File: D:/Xilinx/Vivado/2021.1/data/vhdl/src/unisims/primitive/DSP48E1.vhd
Warning: OPMODE Input Warning : The OPMODE 0110X0X with CARRYINSEL  000 to DSP48E1 instance is invalid.
Time: 20445 ns  Iteration: 11  Process: /apatb_DNN_top/AESL_inst_DNN/fadd_32ns_32ns_32_3_full_dsp_1_U275/DNN_fadd_32ns_32ns_32_3_full_dsp_1_ip_u/inst/i_synth/addsub_op/ADDSUB/dsp/OP/dsp48e1_body/ALIGN_ADD/DSP2/i_no_versal_es1_workaround/DSP/prcs_opmode_drc  File: D:/Xilinx/Vivado/2021.1/data/vhdl/src/unisims/primitive/DSP48E1.vhd
Warning: OPMODE Input Warning : The OPMODE 0110X0X with CARRYINSEL  000 to DSP48E1 instance is invalid.
Time: 20445 ns  Iteration: 11  Process: /apatb_DNN_top/AESL_inst_DNN/fadd_32ns_32ns_32_3_full_dsp_1_U277/DNN_fadd_32ns_32ns_32_3_full_dsp_1_ip_u/inst/i_synth/addsub_op/ADDSUB/dsp/OP/dsp48e1_body/ALIGN_ADD/DSP2/i_no_versal_es1_workaround/DSP/prcs_opmode_drc  File: D:/Xilinx/Vivado/2021.1/data/vhdl/src/unisims/primitive/DSP48E1.vhd
Warning: OPMODE Input Warning : The OPMODE 0110X0X with CARRYINSEL  000 to DSP48E1 instance is invalid.
Time: 20445 ns  Iteration: 11  Process: /apatb_DNN_top/AESL_inst_DNN/fadd_32ns_32ns_32_3_full_dsp_1_U278/DNN_fadd_32ns_32ns_32_3_full_dsp_1_ip_u/inst/i_synth/addsub_op/ADDSUB/dsp/OP/dsp48e1_body/ALIGN_ADD/DSP2/i_no_versal_es1_workaround/DSP/prcs_opmode_drc  File: D:/Xilinx/Vivado/2021.1/data/vhdl/src/unisims/primitive/DSP48E1.vhd
Warning: OPMODE Input Warning : The OPMODE 0110X0X with CARRYINSEL  000 to DSP48E1 instance is invalid.
Time: 20445 ns  Iteration: 11  Process: /apatb_DNN_top/AESL_inst_DNN/fadd_32ns_32ns_32_3_full_dsp_1_U279/DNN_fadd_32ns_32ns_32_3_full_dsp_1_ip_u/inst/i_synth/addsub_op/ADDSUB/dsp/OP/dsp48e1_body/ALIGN_ADD/DSP2/i_no_versal_es1_workaround/DSP/prcs_opmode_drc  File: D:/Xilinx/Vivado/2021.1/data/vhdl/src/unisims/primitive/DSP48E1.vhd
Warning: OPMODE Input Warning : The OPMODE 0110X0X with CARRYINSEL  000 to DSP48E1 instance is invalid.
Time: 20445 ns  Iteration: 11  Process: /apatb_DNN_top/AESL_inst_DNN/fadd_32ns_32ns_32_3_full_dsp_1_U280/DNN_fadd_32ns_32ns_32_3_full_dsp_1_ip_u/inst/i_synth/addsub_op/ADDSUB/dsp/OP/dsp48e1_body/ALIGN_ADD/DSP2/i_no_versal_es1_workaround/DSP/prcs_opmode_drc  File: D:/Xilinx/Vivado/2021.1/data/vhdl/src/unisims/primitive/DSP48E1.vhd
Warning: OPMODE Input Warning : The OPMODE 0110X0X with CARRYINSEL  000 to DSP48E1 instance is invalid.
Time: 20445 ns  Iteration: 11  Process: /apatb_DNN_top/AESL_inst_DNN/fadd_32ns_32ns_32_3_full_dsp_1_U294/DNN_fadd_32ns_32ns_32_3_full_dsp_1_ip_u/inst/i_synth/addsub_op/ADDSUB/dsp/OP/dsp48e1_body/ALIGN_ADD/DSP2/i_no_versal_es1_workaround/DSP/prcs_opmode_drc  File: D:/Xilinx/Vivado/2021.1/data/vhdl/src/unisims/primitive/DSP48E1.vhd
Warning: OPMODE Input Warning : The OPMODE 0110X0X with CARRYINSEL  000 to DSP48E1 instance is invalid.
Time: 20445 ns  Iteration: 11  Process: /apatb_DNN_top/AESL_inst_DNN/fadd_32ns_32ns_32_3_full_dsp_1_U295/DNN_fadd_32ns_32ns_32_3_full_dsp_1_ip_u/inst/i_synth/addsub_op/ADDSUB/dsp/OP/dsp48e1_body/ALIGN_ADD/DSP2/i_no_versal_es1_workaround/DSP/prcs_opmode_drc  File: D:/Xilinx/Vivado/2021.1/data/vhdl/src/unisims/primitive/DSP48E1.vhd
Warning: OPMODE Input Warning : The OPMODE 0110X0X with CARRYINSEL  000 to DSP48E1 instance is invalid.
Time: 20445 ns  Iteration: 12  Process: /apatb_DNN_top/AESL_inst_DNN/fadd_32ns_32ns_32_3_full_dsp_1_U273/DNN_fadd_32ns_32ns_32_3_full_dsp_1_ip_u/inst/i_synth/addsub_op/ADDSUB/dsp/OP/dsp48e1_body/ALIGN_ADD/DSP2/i_no_versal_es1_workaround/DSP/prcs_opmode_drc  File: D:/Xilinx/Vivado/2021.1/data/vhdl/src/unisims/primitive/DSP48E1.vhd
Warning: OPMODE Input Warning : The OPMODE 0110X0X with CARRYINSEL  000 to DSP48E1 instance is invalid.
Time: 20445 ns  Iteration: 12  Process: /apatb_DNN_top/AESL_inst_DNN/fadd_32ns_32ns_32_3_full_dsp_1_U276/DNN_fadd_32ns_32ns_32_3_full_dsp_1_ip_u/inst/i_synth/addsub_op/ADDSUB/dsp/OP/dsp48e1_body/ALIGN_ADD/DSP2/i_no_versal_es1_workaround/DSP/prcs_opmode_drc  File: D:/Xilinx/Vivado/2021.1/data/vhdl/src/unisims/primitive/DSP48E1.vhd
Warning: OPMODE Input Warning : The OPMODE 0110X0X with CARRYINSEL  000 to DSP48E1 instance is invalid.
Time: 20445 ns  Iteration: 12  Process: /apatb_DNN_top/AESL_inst_DNN/fadd_32ns_32ns_32_3_full_dsp_1_U293/DNN_fadd_32ns_32ns_32_3_full_dsp_1_ip_u/inst/i_synth/addsub_op/ADDSUB/dsp/OP/dsp48e1_body/ALIGN_ADD/DSP2/i_no_versal_es1_workaround/DSP/prcs_opmode_drc  File: D:/Xilinx/Vivado/2021.1/data/vhdl/src/unisims/primitive/DSP48E1.vhd
Warning: OPMODE Input Warning : The OPMODE 0110X0X with CARRYINSEL  000 to DSP48E1 instance is invalid.
Time: 21105 ns  Iteration: 11  Process: /apatb_DNN_top/AESL_inst_DNN/fadd_32ns_32ns_32_3_full_dsp_1_U272/DNN_fadd_32ns_32ns_32_3_full_dsp_1_ip_u/inst/i_synth/addsub_op/ADDSUB/dsp/OP/dsp48e1_body/ALIGN_ADD/DSP2/i_no_versal_es1_workaround/DSP/prcs_opmode_drc  File: D:/Xilinx/Vivado/2021.1/data/vhdl/src/unisims/primitive/DSP48E1.vhd
// RTL Simulation : 1 / 2 [100.00%] @ "22035000"
Warning: OPMODE Input Warning : The OPMODE 0110X0X with CARRYINSEL  000 to DSP48E1 instance is invalid.
Time: 31125 ns  Iteration: 11  Process: /apatb_DNN_top/AESL_inst_DNN/fadd_32ns_32ns_32_3_full_dsp_1_U273/DNN_fadd_32ns_32ns_32_3_full_dsp_1_ip_u/inst/i_synth/addsub_op/ADDSUB/dsp/OP/dsp48e1_body/ALIGN_ADD/DSP2/i_no_versal_es1_workaround/DSP/prcs_opmode_drc  File: D:/Xilinx/Vivado/2021.1/data/vhdl/src/unisims/primitive/DSP48E1.vhd
Warning: OPMODE Input Warning : The OPMODE 0110X0X with CARRYINSEL  000 to DSP48E1 instance is invalid.
Time: 31125 ns  Iteration: 11  Process: /apatb_DNN_top/AESL_inst_DNN/fadd_32ns_32ns_32_3_full_dsp_1_U275/DNN_fadd_32ns_32ns_32_3_full_dsp_1_ip_u/inst/i_synth/addsub_op/ADDSUB/dsp/OP/dsp48e1_body/ALIGN_ADD/DSP2/i_no_versal_es1_workaround/DSP/prcs_opmode_drc  File: D:/Xilinx/Vivado/2021.1/data/vhdl/src/unisims/primitive/DSP48E1.vhd
Warning: OPMODE Input Warning : The OPMODE 0110X0X with CARRYINSEL  000 to DSP48E1 instance is invalid.
Time: 31125 ns  Iteration: 11  Process: /apatb_DNN_top/AESL_inst_DNN/fadd_32ns_32ns_32_3_full_dsp_1_U276/DNN_fadd_32ns_32ns_32_3_full_dsp_1_ip_u/inst/i_synth/addsub_op/ADDSUB/dsp/OP/dsp48e1_body/ALIGN_ADD/DSP2/i_no_versal_es1_workaround/DSP/prcs_opmode_drc  File: D:/Xilinx/Vivado/2021.1/data/vhdl/src/unisims/primitive/DSP48E1.vhd
Warning: OPMODE Input Warning : The OPMODE 0110X0X with CARRYINSEL  000 to DSP48E1 instance is invalid.
Time: 31125 ns  Iteration: 12  Process: /apatb_DNN_top/AESL_inst_DNN/fadd_32ns_32ns_32_3_full_dsp_1_U272/DNN_fadd_32ns_32ns_32_3_full_dsp_1_ip_u/inst/i_synth/addsub_op/ADDSUB/dsp/OP/dsp48e1_body/ALIGN_ADD/DSP2/i_no_versal_es1_workaround/DSP/prcs_opmode_drc  File: D:/Xilinx/Vivado/2021.1/data/vhdl/src/unisims/primitive/DSP48E1.vhd
Warning: OPMODE Input Warning : The OPMODE 0110X0X with CARRYINSEL  000 to DSP48E1 instance is invalid.
Time: 31125 ns  Iteration: 12  Process: /apatb_DNN_top/AESL_inst_DNN/fadd_32ns_32ns_32_3_full_dsp_1_U274/DNN_fadd_32ns_32ns_32_3_full_dsp_1_ip_u/inst/i_synth/addsub_op/ADDSUB/dsp/OP/dsp48e1_body/ALIGN_ADD/DSP2/i_no_versal_es1_workaround/DSP/prcs_opmode_drc  File: D:/Xilinx/Vivado/2021.1/data/vhdl/src/unisims/primitive/DSP48E1.vhd
Warning: OPMODE Input Warning : The OPMODE 0110X0X with CARRYINSEL  000 to DSP48E1 instance is invalid.
Time: 31125 ns  Iteration: 12  Process: /apatb_DNN_top/AESL_inst_DNN/fadd_32ns_32ns_32_3_full_dsp_1_U277/DNN_fadd_32ns_32ns_32_3_full_dsp_1_ip_u/inst/i_synth/addsub_op/ADDSUB/dsp/OP/dsp48e1_body/ALIGN_ADD/DSP2/i_no_versal_es1_workaround/DSP/prcs_opmode_drc  File: D:/Xilinx/Vivado/2021.1/data/vhdl/src/unisims/primitive/DSP48E1.vhd
Warning: OPMODE Input Warning : The OPMODE 0110X0X with CARRYINSEL  000 to DSP48E1 instance is invalid.
Time: 31125 ns  Iteration: 12  Process: /apatb_DNN_top/AESL_inst_DNN/fadd_32ns_32ns_32_3_full_dsp_1_U278/DNN_fadd_32ns_32ns_32_3_full_dsp_1_ip_u/inst/i_synth/addsub_op/ADDSUB/dsp/OP/dsp48e1_body/ALIGN_ADD/DSP2/i_no_versal_es1_workaround/DSP/prcs_opmode_drc  File: D:/Xilinx/Vivado/2021.1/data/vhdl/src/unisims/primitive/DSP48E1.vhd
Warning: OPMODE Input Warning : The OPMODE 0110X0X with CARRYINSEL  000 to DSP48E1 instance is invalid.
Time: 31125 ns  Iteration: 12  Process: /apatb_DNN_top/AESL_inst_DNN/fadd_32ns_32ns_32_3_full_dsp_1_U279/DNN_fadd_32ns_32ns_32_3_full_dsp_1_ip_u/inst/i_synth/addsub_op/ADDSUB/dsp/OP/dsp48e1_body/ALIGN_ADD/DSP2/i_no_versal_es1_workaround/DSP/prcs_opmode_drc  File: D:/Xilinx/Vivado/2021.1/data/vhdl/src/unisims/primitive/DSP48E1.vhd
Warning: OPMODE Input Warning : The OPMODE 0110X0X with CARRYINSEL  000 to DSP48E1 instance is invalid.
Time: 31125 ns  Iteration: 12  Process: /apatb_DNN_top/AESL_inst_DNN/fadd_32ns_32ns_32_3_full_dsp_1_U280/DNN_fadd_32ns_32ns_32_3_full_dsp_1_ip_u/inst/i_synth/addsub_op/ADDSUB/dsp/OP/dsp48e1_body/ALIGN_ADD/DSP2/i_no_versal_es1_workaround/DSP/prcs_opmode_drc  File: D:/Xilinx/Vivado/2021.1/data/vhdl/src/unisims/primitive/DSP48E1.vhd
Warning: OPMODE Input Warning : The OPMODE 0110X0X with CARRYINSEL  000 to DSP48E1 instance is invalid.
Time: 34725 ns  Iteration: 11  Process: /apatb_DNN_top/AESL_inst_DNN/fadd_32ns_32ns_32_3_full_dsp_1_U273/DNN_fadd_32ns_32ns_32_3_full_dsp_1_ip_u/inst/i_synth/addsub_op/ADDSUB/dsp/OP/dsp48e1_body/ALIGN_ADD/DSP2/i_no_versal_es1_workaround/DSP/prcs_opmode_drc  File: D:/Xilinx/Vivado/2021.1/data/vhdl/src/unisims/primitive/DSP48E1.vhd
Warning: OPMODE Input Warning : The OPMODE 0110X0X with CARRYINSEL  000 to DSP48E1 instance is invalid.
Time: 34725 ns  Iteration: 11  Process: /apatb_DNN_top/AESL_inst_DNN/fadd_32ns_32ns_32_3_full_dsp_1_U274/DNN_fadd_32ns_32ns_32_3_full_dsp_1_ip_u/inst/i_synth/addsub_op/ADDSUB/dsp/OP/dsp48e1_body/ALIGN_ADD/DSP2/i_no_versal_es1_workaround/DSP/prcs_opmode_drc  File: D:/Xilinx/Vivado/2021.1/data/vhdl/src/unisims/primitive/DSP48E1.vhd
Warning: OPMODE Input Warning : The OPMODE 0110X0X with CARRYINSEL  000 to DSP48E1 instance is invalid.
Time: 34725 ns  Iteration: 11  Process: /apatb_DNN_top/AESL_inst_DNN/fadd_32ns_32ns_32_3_full_dsp_1_U275/DNN_fadd_32ns_32ns_32_3_full_dsp_1_ip_u/inst/i_synth/addsub_op/ADDSUB/dsp/OP/dsp48e1_body/ALIGN_ADD/DSP2/i_no_versal_es1_workaround/DSP/prcs_opmode_drc  File: D:/Xilinx/Vivado/2021.1/data/vhdl/src/unisims/primitive/DSP48E1.vhd
Warning: OPMODE Input Warning : The OPMODE 0110X0X with CARRYINSEL  000 to DSP48E1 instance is invalid.
Time: 34725 ns  Iteration: 11  Process: /apatb_DNN_top/AESL_inst_DNN/fadd_32ns_32ns_32_3_full_dsp_1_U276/DNN_fadd_32ns_32ns_32_3_full_dsp_1_ip_u/inst/i_synth/addsub_op/ADDSUB/dsp/OP/dsp48e1_body/ALIGN_ADD/DSP2/i_no_versal_es1_workaround/DSP/prcs_opmode_drc  File: D:/Xilinx/Vivado/2021.1/data/vhdl/src/unisims/primitive/DSP48E1.vhd
Warning: OPMODE Input Warning : The OPMODE 0110X0X with CARRYINSEL  000 to DSP48E1 instance is invalid.
Time: 34725 ns  Iteration: 11  Process: /apatb_DNN_top/AESL_inst_DNN/fadd_32ns_32ns_32_3_full_dsp_1_U277/DNN_fadd_32ns_32ns_32_3_full_dsp_1_ip_u/inst/i_synth/addsub_op/ADDSUB/dsp/OP/dsp48e1_body/ALIGN_ADD/DSP2/i_no_versal_es1_workaround/DSP/prcs_opmode_drc  File: D:/Xilinx/Vivado/2021.1/data/vhdl/src/unisims/primitive/DSP48E1.vhd
Warning: OPMODE Input Warning : The OPMODE 0110X0X with CARRYINSEL  000 to DSP48E1 instance is invalid.
Time: 34725 ns  Iteration: 11  Process: /apatb_DNN_top/AESL_inst_DNN/fadd_32ns_32ns_32_3_full_dsp_1_U278/DNN_fadd_32ns_32ns_32_3_full_dsp_1_ip_u/inst/i_synth/addsub_op/ADDSUB/dsp/OP/dsp48e1_body/ALIGN_ADD/DSP2/i_no_versal_es1_workaround/DSP/prcs_opmode_drc  File: D:/Xilinx/Vivado/2021.1/data/vhdl/src/unisims/primitive/DSP48E1.vhd
Warning: OPMODE Input Warning : The OPMODE 0110X0X with CARRYINSEL  000 to DSP48E1 instance is invalid.
Time: 34725 ns  Iteration: 11  Process: /apatb_DNN_top/AESL_inst_DNN/fadd_32ns_32ns_32_3_full_dsp_1_U279/DNN_fadd_32ns_32ns_32_3_full_dsp_1_ip_u/inst/i_synth/addsub_op/ADDSUB/dsp/OP/dsp48e1_body/ALIGN_ADD/DSP2/i_no_versal_es1_workaround/DSP/prcs_opmode_drc  File: D:/Xilinx/Vivado/2021.1/data/vhdl/src/unisims/primitive/DSP48E1.vhd
Warning: OPMODE Input Warning : The OPMODE 0110X0X with CARRYINSEL  000 to DSP48E1 instance is invalid.
Time: 34725 ns  Iteration: 11  Process: /apatb_DNN_top/AESL_inst_DNN/fadd_32ns_32ns_32_3_full_dsp_1_U280/DNN_fadd_32ns_32ns_32_3_full_dsp_1_ip_u/inst/i_synth/addsub_op/ADDSUB/dsp/OP/dsp48e1_body/ALIGN_ADD/DSP2/i_no_versal_es1_workaround/DSP/prcs_opmode_drc  File: D:/Xilinx/Vivado/2021.1/data/vhdl/src/unisims/primitive/DSP48E1.vhd
Warning: OPMODE Input Warning : The OPMODE 0110X0X with CARRYINSEL  000 to DSP48E1 instance is invalid.
Time: 34725 ns  Iteration: 12  Process: /apatb_DNN_top/AESL_inst_DNN/fadd_32ns_32ns_32_3_full_dsp_1_U272/DNN_fadd_32ns_32ns_32_3_full_dsp_1_ip_u/inst/i_synth/addsub_op/ADDSUB/dsp/OP/dsp48e1_body/ALIGN_ADD/DSP2/i_no_versal_es1_workaround/DSP/prcs_opmode_drc  File: D:/Xilinx/Vivado/2021.1/data/vhdl/src/unisims/primitive/DSP48E1.vhd
Warning: OPMODE Input Warning : The OPMODE 0110X0X with CARRYINSEL  000 to DSP48E1 instance is invalid.
Time: 38295 ns  Iteration: 11  Process: /apatb_DNN_top/AESL_inst_DNN/fadd_32ns_32ns_32_3_full_dsp_1_U273/DNN_fadd_32ns_32ns_32_3_full_dsp_1_ip_u/inst/i_synth/addsub_op/ADDSUB/dsp/OP/dsp48e1_body/ALIGN_ADD/DSP2/i_no_versal_es1_workaround/DSP/prcs_opmode_drc  File: D:/Xilinx/Vivado/2021.1/data/vhdl/src/unisims/primitive/DSP48E1.vhd
Warning: OPMODE Input Warning : The OPMODE 0110X0X with CARRYINSEL  000 to DSP48E1 instance is invalid.
Time: 38295 ns  Iteration: 11  Process: /apatb_DNN_top/AESL_inst_DNN/fadd_32ns_32ns_32_3_full_dsp_1_U274/DNN_fadd_32ns_32ns_32_3_full_dsp_1_ip_u/inst/i_synth/addsub_op/ADDSUB/dsp/OP/dsp48e1_body/ALIGN_ADD/DSP2/i_no_versal_es1_workaround/DSP/prcs_opmode_drc  File: D:/Xilinx/Vivado/2021.1/data/vhdl/src/unisims/primitive/DSP48E1.vhd
Warning: OPMODE Input Warning : The OPMODE 0110X0X with CARRYINSEL  000 to DSP48E1 instance is invalid.
Time: 38295 ns  Iteration: 11  Process: /apatb_DNN_top/AESL_inst_DNN/fadd_32ns_32ns_32_3_full_dsp_1_U275/DNN_fadd_32ns_32ns_32_3_full_dsp_1_ip_u/inst/i_synth/addsub_op/ADDSUB/dsp/OP/dsp48e1_body/ALIGN_ADD/DSP2/i_no_versal_es1_workaround/DSP/prcs_opmode_drc  File: D:/Xilinx/Vivado/2021.1/data/vhdl/src/unisims/primitive/DSP48E1.vhd
Warning: OPMODE Input Warning : The OPMODE 0110X0X with CARRYINSEL  000 to DSP48E1 instance is invalid.
Time: 38295 ns  Iteration: 11  Process: /apatb_DNN_top/AESL_inst_DNN/fadd_32ns_32ns_32_3_full_dsp_1_U276/DNN_fadd_32ns_32ns_32_3_full_dsp_1_ip_u/inst/i_synth/addsub_op/ADDSUB/dsp/OP/dsp48e1_body/ALIGN_ADD/DSP2/i_no_versal_es1_workaround/DSP/prcs_opmode_drc  File: D:/Xilinx/Vivado/2021.1/data/vhdl/src/unisims/primitive/DSP48E1.vhd
Warning: OPMODE Input Warning : The OPMODE 0110X0X with CARRYINSEL  000 to DSP48E1 instance is invalid.
Time: 38295 ns  Iteration: 11  Process: /apatb_DNN_top/AESL_inst_DNN/fadd_32ns_32ns_32_3_full_dsp_1_U277/DNN_fadd_32ns_32ns_32_3_full_dsp_1_ip_u/inst/i_synth/addsub_op/ADDSUB/dsp/OP/dsp48e1_body/ALIGN_ADD/DSP2/i_no_versal_es1_workaround/DSP/prcs_opmode_drc  File: D:/Xilinx/Vivado/2021.1/data/vhdl/src/unisims/primitive/DSP48E1.vhd
Warning: OPMODE Input Warning : The OPMODE 0110X0X with CARRYINSEL  000 to DSP48E1 instance is invalid.
Time: 38295 ns  Iteration: 11  Process: /apatb_DNN_top/AESL_inst_DNN/fadd_32ns_32ns_32_3_full_dsp_1_U278/DNN_fadd_32ns_32ns_32_3_full_dsp_1_ip_u/inst/i_synth/addsub_op/ADDSUB/dsp/OP/dsp48e1_body/ALIGN_ADD/DSP2/i_no_versal_es1_workaround/DSP/prcs_opmode_drc  File: D:/Xilinx/Vivado/2021.1/data/vhdl/src/unisims/primitive/DSP48E1.vhd
Warning: OPMODE Input Warning : The OPMODE 0110X0X with CARRYINSEL  000 to DSP48E1 instance is invalid.
Time: 38295 ns  Iteration: 11  Process: /apatb_DNN_top/AESL_inst_DNN/fadd_32ns_32ns_32_3_full_dsp_1_U279/DNN_fadd_32ns_32ns_32_3_full_dsp_1_ip_u/inst/i_synth/addsub_op/ADDSUB/dsp/OP/dsp48e1_body/ALIGN_ADD/DSP2/i_no_versal_es1_workaround/DSP/prcs_opmode_drc  File: D:/Xilinx/Vivado/2021.1/data/vhdl/src/unisims/primitive/DSP48E1.vhd
Warning: OPMODE Input Warning : The OPMODE 0110X0X with CARRYINSEL  000 to DSP48E1 instance is invalid.
Time: 38295 ns  Iteration: 11  Process: /apatb_DNN_top/AESL_inst_DNN/fadd_32ns_32ns_32_3_full_dsp_1_U280/DNN_fadd_32ns_32ns_32_3_full_dsp_1_ip_u/inst/i_synth/addsub_op/ADDSUB/dsp/OP/dsp48e1_body/ALIGN_ADD/DSP2/i_no_versal_es1_workaround/DSP/prcs_opmode_drc  File: D:/Xilinx/Vivado/2021.1/data/vhdl/src/unisims/primitive/DSP48E1.vhd
Warning: OPMODE Input Warning : The OPMODE 0110X0X with CARRYINSEL  000 to DSP48E1 instance is invalid.
Time: 38295 ns  Iteration: 11  Process: /apatb_DNN_top/AESL_inst_DNN/fadd_32ns_32ns_32_3_full_dsp_1_U293/DNN_fadd_32ns_32ns_32_3_full_dsp_1_ip_u/inst/i_synth/addsub_op/ADDSUB/dsp/OP/dsp48e1_body/ALIGN_ADD/DSP2/i_no_versal_es1_workaround/DSP/prcs_opmode_drc  File: D:/Xilinx/Vivado/2021.1/data/vhdl/src/unisims/primitive/DSP48E1.vhd
Warning: OPMODE Input Warning : The OPMODE 0110X0X with CARRYINSEL  000 to DSP48E1 instance is invalid.
Time: 38295 ns  Iteration: 11  Process: /apatb_DNN_top/AESL_inst_DNN/fadd_32ns_32ns_32_3_full_dsp_1_U294/DNN_fadd_32ns_32ns_32_3_full_dsp_1_ip_u/inst/i_synth/addsub_op/ADDSUB/dsp/OP/dsp48e1_body/ALIGN_ADD/DSP2/i_no_versal_es1_workaround/DSP/prcs_opmode_drc  File: D:/Xilinx/Vivado/2021.1/data/vhdl/src/unisims/primitive/DSP48E1.vhd
Warning: OPMODE Input Warning : The OPMODE 0110X0X with CARRYINSEL  000 to DSP48E1 instance is invalid.
Time: 38295 ns  Iteration: 11  Process: /apatb_DNN_top/AESL_inst_DNN/fadd_32ns_32ns_32_3_full_dsp_1_U295/DNN_fadd_32ns_32ns_32_3_full_dsp_1_ip_u/inst/i_synth/addsub_op/ADDSUB/dsp/OP/dsp48e1_body/ALIGN_ADD/DSP2/i_no_versal_es1_workaround/DSP/prcs_opmode_drc  File: D:/Xilinx/Vivado/2021.1/data/vhdl/src/unisims/primitive/DSP48E1.vhd
Warning: OPMODE Input Warning : The OPMODE 0110X0X with CARRYINSEL  000 to DSP48E1 instance is invalid.
Time: 38295 ns  Iteration: 11  Process: /apatb_DNN_top/AESL_inst_DNN/fadd_32ns_32ns_32_3_full_dsp_1_U296/DNN_fadd_32ns_32ns_32_3_full_dsp_1_ip_u/inst/i_synth/addsub_op/ADDSUB/dsp/OP/dsp48e1_body/ALIGN_ADD/DSP2/i_no_versal_es1_workaround/DSP/prcs_opmode_drc  File: D:/Xilinx/Vivado/2021.1/data/vhdl/src/unisims/primitive/DSP48E1.vhd
Warning: OPMODE Input Warning : The OPMODE 0110X0X with CARRYINSEL  000 to DSP48E1 instance is invalid.
Time: 38295 ns  Iteration: 11  Process: /apatb_DNN_top/AESL_inst_DNN/fadd_32ns_32ns_32_3_full_dsp_1_U298/DNN_fadd_32ns_32ns_32_3_full_dsp_1_ip_u/inst/i_synth/addsub_op/ADDSUB/dsp/OP/dsp48e1_body/ALIGN_ADD/DSP2/i_no_versal_es1_workaround/DSP/prcs_opmode_drc  File: D:/Xilinx/Vivado/2021.1/data/vhdl/src/unisims/primitive/DSP48E1.vhd
Warning: OPMODE Input Warning : The OPMODE 0110X0X with CARRYINSEL  000 to DSP48E1 instance is invalid.
Time: 38295 ns  Iteration: 11  Process: /apatb_DNN_top/AESL_inst_DNN/fadd_32ns_32ns_32_3_full_dsp_1_U299/DNN_fadd_32ns_32ns_32_3_full_dsp_1_ip_u/inst/i_synth/addsub_op/ADDSUB/dsp/OP/dsp48e1_body/ALIGN_ADD/DSP2/i_no_versal_es1_workaround/DSP/prcs_opmode_drc  File: D:/Xilinx/Vivado/2021.1/data/vhdl/src/unisims/primitive/DSP48E1.vhd
Warning: OPMODE Input Warning : The OPMODE 0110X0X with CARRYINSEL  000 to DSP48E1 instance is invalid.
Time: 38295 ns  Iteration: 12  Process: /apatb_DNN_top/AESL_inst_DNN/fadd_32ns_32ns_32_3_full_dsp_1_U272/DNN_fadd_32ns_32ns_32_3_full_dsp_1_ip_u/inst/i_synth/addsub_op/ADDSUB/dsp/OP/dsp48e1_body/ALIGN_ADD/DSP2/i_no_versal_es1_workaround/DSP/prcs_opmode_drc  File: D:/Xilinx/Vivado/2021.1/data/vhdl/src/unisims/primitive/DSP48E1.vhd
Warning: OPMODE Input Warning : The OPMODE 0110X0X with CARRYINSEL  000 to DSP48E1 instance is invalid.
Time: 38295 ns  Iteration: 12  Process: /apatb_DNN_top/AESL_inst_DNN/fadd_32ns_32ns_32_3_full_dsp_1_U297/DNN_fadd_32ns_32ns_32_3_full_dsp_1_ip_u/inst/i_synth/addsub_op/ADDSUB/dsp/OP/dsp48e1_body/ALIGN_ADD/DSP2/i_no_versal_es1_workaround/DSP/prcs_opmode_drc  File: D:/Xilinx/Vivado/2021.1/data/vhdl/src/unisims/primitive/DSP48E1.vhd
Warning: OPMODE Input Warning : The OPMODE 0110X0X with CARRYINSEL  000 to DSP48E1 instance is invalid.
Time: 40485 ns  Iteration: 11  Process: /apatb_DNN_top/AESL_inst_DNN/fadd_32ns_32ns_32_3_full_dsp_1_U274/DNN_fadd_32ns_32ns_32_3_full_dsp_1_ip_u/inst/i_synth/addsub_op/ADDSUB/dsp/OP/dsp48e1_body/ALIGN_ADD/DSP2/i_no_versal_es1_workaround/DSP/prcs_opmode_drc  File: D:/Xilinx/Vivado/2021.1/data/vhdl/src/unisims/primitive/DSP48E1.vhd
Warning: OPMODE Input Warning : The OPMODE 0110X0X with CARRYINSEL  000 to DSP48E1 instance is invalid.
Time: 40485 ns  Iteration: 11  Process: /apatb_DNN_top/AESL_inst_DNN/fadd_32ns_32ns_32_3_full_dsp_1_U275/DNN_fadd_32ns_32ns_32_3_full_dsp_1_ip_u/inst/i_synth/addsub_op/ADDSUB/dsp/OP/dsp48e1_body/ALIGN_ADD/DSP2/i_no_versal_es1_workaround/DSP/prcs_opmode_drc  File: D:/Xilinx/Vivado/2021.1/data/vhdl/src/unisims/primitive/DSP48E1.vhd
Warning: OPMODE Input Warning : The OPMODE 0110X0X with CARRYINSEL  000 to DSP48E1 instance is invalid.
Time: 40485 ns  Iteration: 11  Process: /apatb_DNN_top/AESL_inst_DNN/fadd_32ns_32ns_32_3_full_dsp_1_U276/DNN_fadd_32ns_32ns_32_3_full_dsp_1_ip_u/inst/i_synth/addsub_op/ADDSUB/dsp/OP/dsp48e1_body/ALIGN_ADD/DSP2/i_no_versal_es1_workaround/DSP/prcs_opmode_drc  File: D:/Xilinx/Vivado/2021.1/data/vhdl/src/unisims/primitive/DSP48E1.vhd
Warning: OPMODE Input Warning : The OPMODE 0110X0X with CARRYINSEL  000 to DSP48E1 instance is invalid.
Time: 40485 ns  Iteration: 11  Process: /apatb_DNN_top/AESL_inst_DNN/fadd_32ns_32ns_32_3_full_dsp_1_U277/DNN_fadd_32ns_32ns_32_3_full_dsp_1_ip_u/inst/i_synth/addsub_op/ADDSUB/dsp/OP/dsp48e1_body/ALIGN_ADD/DSP2/i_no_versal_es1_workaround/DSP/prcs_opmode_drc  File: D:/Xilinx/Vivado/2021.1/data/vhdl/src/unisims/primitive/DSP48E1.vhd
Warning: OPMODE Input Warning : The OPMODE 0110X0X with CARRYINSEL  000 to DSP48E1 instance is invalid.
Time: 40485 ns  Iteration: 11  Process: /apatb_DNN_top/AESL_inst_DNN/fadd_32ns_32ns_32_3_full_dsp_1_U278/DNN_fadd_32ns_32ns_32_3_full_dsp_1_ip_u/inst/i_synth/addsub_op/ADDSUB/dsp/OP/dsp48e1_body/ALIGN_ADD/DSP2/i_no_versal_es1_workaround/DSP/prcs_opmode_drc  File: D:/Xilinx/Vivado/2021.1/data/vhdl/src/unisims/primitive/DSP48E1.vhd
Warning: OPMODE Input Warning : The OPMODE 0110X0X with CARRYINSEL  000 to DSP48E1 instance is invalid.
Time: 40485 ns  Iteration: 11  Process: /apatb_DNN_top/AESL_inst_DNN/fadd_32ns_32ns_32_3_full_dsp_1_U279/DNN_fadd_32ns_32ns_32_3_full_dsp_1_ip_u/inst/i_synth/addsub_op/ADDSUB/dsp/OP/dsp48e1_body/ALIGN_ADD/DSP2/i_no_versal_es1_workaround/DSP/prcs_opmode_drc  File: D:/Xilinx/Vivado/2021.1/data/vhdl/src/unisims/primitive/DSP48E1.vhd
Warning: OPMODE Input Warning : The OPMODE 0110X0X with CARRYINSEL  000 to DSP48E1 instance is invalid.
Time: 40485 ns  Iteration: 11  Process: /apatb_DNN_top/AESL_inst_DNN/fadd_32ns_32ns_32_3_full_dsp_1_U280/DNN_fadd_32ns_32ns_32_3_full_dsp_1_ip_u/inst/i_synth/addsub_op/ADDSUB/dsp/OP/dsp48e1_body/ALIGN_ADD/DSP2/i_no_versal_es1_workaround/DSP/prcs_opmode_drc  File: D:/Xilinx/Vivado/2021.1/data/vhdl/src/unisims/primitive/DSP48E1.vhd
Warning: OPMODE Input Warning : The OPMODE 0110X0X with CARRYINSEL  000 to DSP48E1 instance is invalid.
Time: 40485 ns  Iteration: 11  Process: /apatb_DNN_top/AESL_inst_DNN/fadd_32ns_32ns_32_3_full_dsp_1_U296/DNN_fadd_32ns_32ns_32_3_full_dsp_1_ip_u/inst/i_synth/addsub_op/ADDSUB/dsp/OP/dsp48e1_body/ALIGN_ADD/DSP2/i_no_versal_es1_workaround/DSP/prcs_opmode_drc  File: D:/Xilinx/Vivado/2021.1/data/vhdl/src/unisims/primitive/DSP48E1.vhd
Warning: OPMODE Input Warning : The OPMODE 0110X0X with CARRYINSEL  000 to DSP48E1 instance is invalid.
Time: 40485 ns  Iteration: 11  Process: /apatb_DNN_top/AESL_inst_DNN/fadd_32ns_32ns_32_3_full_dsp_1_U299/DNN_fadd_32ns_32ns_32_3_full_dsp_1_ip_u/inst/i_synth/addsub_op/ADDSUB/dsp/OP/dsp48e1_body/ALIGN_ADD/DSP2/i_no_versal_es1_workaround/DSP/prcs_opmode_drc  File: D:/Xilinx/Vivado/2021.1/data/vhdl/src/unisims/primitive/DSP48E1.vhd
Warning: OPMODE Input Warning : The OPMODE 0110X0X with CARRYINSEL  000 to DSP48E1 instance is invalid.
Time: 40485 ns  Iteration: 12  Process: /apatb_DNN_top/AESL_inst_DNN/fadd_32ns_32ns_32_3_full_dsp_1_U272/DNN_fadd_32ns_32ns_32_3_full_dsp_1_ip_u/inst/i_synth/addsub_op/ADDSUB/dsp/OP/dsp48e1_body/ALIGN_ADD/DSP2/i_no_versal_es1_workaround/DSP/prcs_opmode_drc  File: D:/Xilinx/Vivado/2021.1/data/vhdl/src/unisims/primitive/DSP48E1.vhd
Warning: OPMODE Input Warning : The OPMODE 0110X0X with CARRYINSEL  000 to DSP48E1 instance is invalid.
Time: 40485 ns  Iteration: 12  Process: /apatb_DNN_top/AESL_inst_DNN/fadd_32ns_32ns_32_3_full_dsp_1_U273/DNN_fadd_32ns_32ns_32_3_full_dsp_1_ip_u/inst/i_synth/addsub_op/ADDSUB/dsp/OP/dsp48e1_body/ALIGN_ADD/DSP2/i_no_versal_es1_workaround/DSP/prcs_opmode_drc  File: D:/Xilinx/Vivado/2021.1/data/vhdl/src/unisims/primitive/DSP48E1.vhd
Warning: OPMODE Input Warning : The OPMODE 0110X0X with CARRYINSEL  000 to DSP48E1 instance is invalid.
Time: 40485 ns  Iteration: 12  Process: /apatb_DNN_top/AESL_inst_DNN/fadd_32ns_32ns_32_3_full_dsp_1_U293/DNN_fadd_32ns_32ns_32_3_full_dsp_1_ip_u/inst/i_synth/addsub_op/ADDSUB/dsp/OP/dsp48e1_body/ALIGN_ADD/DSP2/i_no_versal_es1_workaround/DSP/prcs_opmode_drc  File: D:/Xilinx/Vivado/2021.1/data/vhdl/src/unisims/primitive/DSP48E1.vhd
Warning: OPMODE Input Warning : The OPMODE 0110X0X with CARRYINSEL  000 to DSP48E1 instance is invalid.
Time: 40485 ns  Iteration: 12  Process: /apatb_DNN_top/AESL_inst_DNN/fadd_32ns_32ns_32_3_full_dsp_1_U294/DNN_fadd_32ns_32ns_32_3_full_dsp_1_ip_u/inst/i_synth/addsub_op/ADDSUB/dsp/OP/dsp48e1_body/ALIGN_ADD/DSP2/i_no_versal_es1_workaround/DSP/prcs_opmode_drc  File: D:/Xilinx/Vivado/2021.1/data/vhdl/src/unisims/primitive/DSP48E1.vhd
Warning: OPMODE Input Warning : The OPMODE 0110X0X with CARRYINSEL  000 to DSP48E1 instance is invalid.
Time: 40485 ns  Iteration: 12  Process: /apatb_DNN_top/AESL_inst_DNN/fadd_32ns_32ns_32_3_full_dsp_1_U295/DNN_fadd_32ns_32ns_32_3_full_dsp_1_ip_u/inst/i_synth/addsub_op/ADDSUB/dsp/OP/dsp48e1_body/ALIGN_ADD/DSP2/i_no_versal_es1_workaround/DSP/prcs_opmode_drc  File: D:/Xilinx/Vivado/2021.1/data/vhdl/src/unisims/primitive/DSP48E1.vhd
Warning: OPMODE Input Warning : The OPMODE 0110X0X with CARRYINSEL  000 to DSP48E1 instance is invalid.
Time: 40485 ns  Iteration: 12  Process: /apatb_DNN_top/AESL_inst_DNN/fadd_32ns_32ns_32_3_full_dsp_1_U297/DNN_fadd_32ns_32ns_32_3_full_dsp_1_ip_u/inst/i_synth/addsub_op/ADDSUB/dsp/OP/dsp48e1_body/ALIGN_ADD/DSP2/i_no_versal_es1_workaround/DSP/prcs_opmode_drc  File: D:/Xilinx/Vivado/2021.1/data/vhdl/src/unisims/primitive/DSP48E1.vhd
Warning: OPMODE Input Warning : The OPMODE 0110X0X with CARRYINSEL  000 to DSP48E1 instance is invalid.
Time: 40485 ns  Iteration: 12  Process: /apatb_DNN_top/AESL_inst_DNN/fadd_32ns_32ns_32_3_full_dsp_1_U298/DNN_fadd_32ns_32ns_32_3_full_dsp_1_ip_u/inst/i_synth/addsub_op/ADDSUB/dsp/OP/dsp48e1_body/ALIGN_ADD/DSP2/i_no_versal_es1_workaround/DSP/prcs_opmode_drc  File: D:/Xilinx/Vivado/2021.1/data/vhdl/src/unisims/primitive/DSP48E1.vhd
Warning: OPMODE Input Warning : The OPMODE 0110X0X with CARRYINSEL  000 to DSP48E1 instance is invalid.
Time: 42285 ns  Iteration: 11  Process: /apatb_DNN_top/AESL_inst_DNN/fadd_32ns_32ns_32_3_full_dsp_1_U275/DNN_fadd_32ns_32ns_32_3_full_dsp_1_ip_u/inst/i_synth/addsub_op/ADDSUB/dsp/OP/dsp48e1_body/ALIGN_ADD/DSP2/i_no_versal_es1_workaround/DSP/prcs_opmode_drc  File: D:/Xilinx/Vivado/2021.1/data/vhdl/src/unisims/primitive/DSP48E1.vhd
Warning: OPMODE Input Warning : The OPMODE 0110X0X with CARRYINSEL  000 to DSP48E1 instance is invalid.
Time: 42285 ns  Iteration: 11  Process: /apatb_DNN_top/AESL_inst_DNN/fadd_32ns_32ns_32_3_full_dsp_1_U276/DNN_fadd_32ns_32ns_32_3_full_dsp_1_ip_u/inst/i_synth/addsub_op/ADDSUB/dsp/OP/dsp48e1_body/ALIGN_ADD/DSP2/i_no_versal_es1_workaround/DSP/prcs_opmode_drc  File: D:/Xilinx/Vivado/2021.1/data/vhdl/src/unisims/primitive/DSP48E1.vhd
Warning: OPMODE Input Warning : The OPMODE 0110X0X with CARRYINSEL  000 to DSP48E1 instance is invalid.
Time: 42285 ns  Iteration: 11  Process: /apatb_DNN_top/AESL_inst_DNN/fadd_32ns_32ns_32_3_full_dsp_1_U277/DNN_fadd_32ns_32ns_32_3_full_dsp_1_ip_u/inst/i_synth/addsub_op/ADDSUB/dsp/OP/dsp48e1_body/ALIGN_ADD/DSP2/i_no_versal_es1_workaround/DSP/prcs_opmode_drc  File: D:/Xilinx/Vivado/2021.1/data/vhdl/src/unisims/primitive/DSP48E1.vhd
Warning: OPMODE Input Warning : The OPMODE 0110X0X with CARRYINSEL  000 to DSP48E1 instance is invalid.
Time: 42285 ns  Iteration: 11  Process: /apatb_DNN_top/AESL_inst_DNN/fadd_32ns_32ns_32_3_full_dsp_1_U278/DNN_fadd_32ns_32ns_32_3_full_dsp_1_ip_u/inst/i_synth/addsub_op/ADDSUB/dsp/OP/dsp48e1_body/ALIGN_ADD/DSP2/i_no_versal_es1_workaround/DSP/prcs_opmode_drc  File: D:/Xilinx/Vivado/2021.1/data/vhdl/src/unisims/primitive/DSP48E1.vhd
Warning: OPMODE Input Warning : The OPMODE 0110X0X with CARRYINSEL  000 to DSP48E1 instance is invalid.
Time: 42285 ns  Iteration: 11  Process: /apatb_DNN_top/AESL_inst_DNN/fadd_32ns_32ns_32_3_full_dsp_1_U279/DNN_fadd_32ns_32ns_32_3_full_dsp_1_ip_u/inst/i_synth/addsub_op/ADDSUB/dsp/OP/dsp48e1_body/ALIGN_ADD/DSP2/i_no_versal_es1_workaround/DSP/prcs_opmode_drc  File: D:/Xilinx/Vivado/2021.1/data/vhdl/src/unisims/primitive/DSP48E1.vhd
Warning: OPMODE Input Warning : The OPMODE 0110X0X with CARRYINSEL  000 to DSP48E1 instance is invalid.
Time: 42285 ns  Iteration: 11  Process: /apatb_DNN_top/AESL_inst_DNN/fadd_32ns_32ns_32_3_full_dsp_1_U280/DNN_fadd_32ns_32ns_32_3_full_dsp_1_ip_u/inst/i_synth/addsub_op/ADDSUB/dsp/OP/dsp48e1_body/ALIGN_ADD/DSP2/i_no_versal_es1_workaround/DSP/prcs_opmode_drc  File: D:/Xilinx/Vivado/2021.1/data/vhdl/src/unisims/primitive/DSP48E1.vhd
Warning: OPMODE Input Warning : The OPMODE 0110X0X with CARRYINSEL  000 to DSP48E1 instance is invalid.
Time: 42285 ns  Iteration: 11  Process: /apatb_DNN_top/AESL_inst_DNN/fadd_32ns_32ns_32_3_full_dsp_1_U294/DNN_fadd_32ns_32ns_32_3_full_dsp_1_ip_u/inst/i_synth/addsub_op/ADDSUB/dsp/OP/dsp48e1_body/ALIGN_ADD/DSP2/i_no_versal_es1_workaround/DSP/prcs_opmode_drc  File: D:/Xilinx/Vivado/2021.1/data/vhdl/src/unisims/primitive/DSP48E1.vhd
Warning: OPMODE Input Warning : The OPMODE 0110X0X with CARRYINSEL  000 to DSP48E1 instance is invalid.
Time: 42285 ns  Iteration: 11  Process: /apatb_DNN_top/AESL_inst_DNN/fadd_32ns_32ns_32_3_full_dsp_1_U295/DNN_fadd_32ns_32ns_32_3_full_dsp_1_ip_u/inst/i_synth/addsub_op/ADDSUB/dsp/OP/dsp48e1_body/ALIGN_ADD/DSP2/i_no_versal_es1_workaround/DSP/prcs_opmode_drc  File: D:/Xilinx/Vivado/2021.1/data/vhdl/src/unisims/primitive/DSP48E1.vhd
Warning: OPMODE Input Warning : The OPMODE 0110X0X with CARRYINSEL  000 to DSP48E1 instance is invalid.
Time: 42285 ns  Iteration: 12  Process: /apatb_DNN_top/AESL_inst_DNN/fadd_32ns_32ns_32_3_full_dsp_1_U273/DNN_fadd_32ns_32ns_32_3_full_dsp_1_ip_u/inst/i_synth/addsub_op/ADDSUB/dsp/OP/dsp48e1_body/ALIGN_ADD/DSP2/i_no_versal_es1_workaround/DSP/prcs_opmode_drc  File: D:/Xilinx/Vivado/2021.1/data/vhdl/src/unisims/primitive/DSP48E1.vhd
Warning: OPMODE Input Warning : The OPMODE 0110X0X with CARRYINSEL  000 to DSP48E1 instance is invalid.
Time: 42285 ns  Iteration: 12  Process: /apatb_DNN_top/AESL_inst_DNN/fadd_32ns_32ns_32_3_full_dsp_1_U274/DNN_fadd_32ns_32ns_32_3_full_dsp_1_ip_u/inst/i_synth/addsub_op/ADDSUB/dsp/OP/dsp48e1_body/ALIGN_ADD/DSP2/i_no_versal_es1_workaround/DSP/prcs_opmode_drc  File: D:/Xilinx/Vivado/2021.1/data/vhdl/src/unisims/primitive/DSP48E1.vhd
Warning: OPMODE Input Warning : The OPMODE 0110X0X with CARRYINSEL  000 to DSP48E1 instance is invalid.
Time: 42285 ns  Iteration: 12  Process: /apatb_DNN_top/AESL_inst_DNN/fadd_32ns_32ns_32_3_full_dsp_1_U293/DNN_fadd_32ns_32ns_32_3_full_dsp_1_ip_u/inst/i_synth/addsub_op/ADDSUB/dsp/OP/dsp48e1_body/ALIGN_ADD/DSP2/i_no_versal_es1_workaround/DSP/prcs_opmode_drc  File: D:/Xilinx/Vivado/2021.1/data/vhdl/src/unisims/primitive/DSP48E1.vhd
Warning: OPMODE Input Warning : The OPMODE 0110X0X with CARRYINSEL  000 to DSP48E1 instance is invalid.
Time: 42945 ns  Iteration: 11  Process: /apatb_DNN_top/AESL_inst_DNN/fadd_32ns_32ns_32_3_full_dsp_1_U272/DNN_fadd_32ns_32ns_32_3_full_dsp_1_ip_u/inst/i_synth/addsub_op/ADDSUB/dsp/OP/dsp48e1_body/ALIGN_ADD/DSP2/i_no_versal_es1_workaround/DSP/prcs_opmode_drc  File: D:/Xilinx/Vivado/2021.1/data/vhdl/src/unisims/primitive/DSP48E1.vhd
// RTL Simulation : 2 / 2 [100.00%] @ "43875000"
////////////////////////////////////////////////////////////////////////////////////
$finish called at time : 44055 ns : File "D:/hls/C++/test/DNN/solution1/sim/verilog/DNN.autotb.v" Line 249
run: Time (s): cpu = 00:00:01 ; elapsed = 00:00:09 . Memory (MB): peak = 1059.582 ; gain = 0.000
## quit
INFO: [Common 17-206] Exiting xsim at Fri Jun  2 16:41:13 2023...
